# JRE version: OpenJDK Runtime Environment (8.0_242-b01) (build 1.8.0_242-release-1644-b01)
# Java VM: OpenJDK 64-Bit Server VM (25.242-b01 mixed mode windows-amd64 compressed oops)
Heap:
 PSYoungGen      total 594944K, used 594674K [0x00000000d5580000, 0x0000000100000000, 0x0000000100000000)
  eden space 534016K, 100% used [0x00000000d5580000,0x00000000f5f00000,0x00000000f5f00000)
  from space 60928K, 99% used [0x00000000f5f00000,0x00000000f9a3c9d8,0x00000000f9a80000)
  to   space 87552K, 43% used [0x00000000faa80000,0x00000000fcfe7390,0x0000000100000000)
 ParOldGen       total 476160K, used 72944K [0x0000000080000000, 0x000000009d100000, 0x00000000d5580000)
  object space 476160K, 15% used [0x0000000080000000,0x000000008473c050,0x000000009d100000)
 Metaspace       used 165269K, capacity 175673K, committed 186480K, reserved 1210368K
  class space    used 21176K, capacity 22997K, committed 24752K, reserved 1048576K
GC Heap History (10 events):
Event: 4993.713 GC heap after
Heap after GC invocations=33 (full 6):
 PSYoungGen      total 626176K, used 8593K [0x00000000d5580000, 0x0000000100000000, 0x0000000100000000)
  eden space 554496K, 0% used [0x00000000d5580000,0x00000000d5580000,0x00000000f7300000)
  from space 71680K, 11% used [0x00000000f7300000,0x00000000f7b647f0,0x00000000fb900000)
  to   space 71680K, 0% used [0x00000000fba00000,0x00000000fba00000,0x0000000100000000)
 ParOldGen       total 476160K, used 72928K [0x0000000080000000, 0x000000009d100000, 0x00000000d5580000)
  object space 476160K, 15% used [0x0000000080000000,0x0000000084738050,0x000000009d100000)
 Metaspace       used 164071K, capacity 174249K, committed 186480K, reserved 1210368K
  class space    used 21028K, capacity 22761K, committed 24752K, reserved 1048576K
}
Event: 5733.988 GC heap before
{Heap before GC invocations=34 (full 6):
 PSYoungGen      total 626176K, used 563089K [0x00000000d5580000, 0x0000000100000000, 0x0000000100000000)
  eden space 554496K, 100% used [0x00000000d5580000,0x00000000f7300000,0x00000000f7300000)
  from space 71680K, 11% used [0x00000000f7300000,0x00000000f7b647f0,0x00000000fb900000)
  to   space 71680K, 0% used [0x00000000fba00000,0x00000000fba00000,0x0000000100000000)
 ParOldGen       total 476160K, used 72928K [0x0000000080000000, 0x000000009d100000, 0x00000000d5580000)
  object space 476160K, 15% used [0x0000000080000000,0x0000000084738050,0x000000009d100000)
 Metaspace       used 164325K, capacity 174427K, committed 186480K, reserved 1210368K
  class space    used 21032K, capacity 22768K, committed 24752K, reserved 1048576K
Event: 5734.018 GC heap after
Heap after GC invocations=34 (full 6):
 PSYoungGen      total 622080K, used 18156K [0x00000000d5580000, 0x00000000ffb00000, 0x0000000100000000)
  eden space 555520K, 0% used [0x00000000d5580000,0x00000000d5580000,0x00000000f7400000)
  from space 66560K, 27% used [0x00000000fba00000,0x00000000fcbbb288,0x00000000ffb00000)
  to   space 69120K, 0% used [0x00000000f7400000,0x00000000f7400000,0x00000000fb780000)
 ParOldGen       total 476160K, used 72936K [0x0000000080000000, 0x000000009d100000, 0x00000000d5580000)
  object space 476160K, 15% used [0x0000000080000000,0x000000008473a050,0x000000009d100000)
 Metaspace       used 164325K, capacity 174427K, committed 186480K, reserved 1210368K
  class space    used 21032K, capacity 22768K, committed 24752K, reserved 1048576K
}
Event: 5770.698 GC heap before
{Heap before GC invocations=35 (full 6):
 PSYoungGen      total 622080K, used 573676K [0x00000000d5580000, 0x00000000ffb00000, 0x0000000100000000)
  eden space 555520K, 100% used [0x00000000d5580000,0x00000000f7400000,0x00000000f7400000)
  from space 66560K, 27% used [0x00000000fba00000,0x00000000fcbbb288,0x00000000ffb00000)
  to   space 69120K, 0% used [0x00000000f7400000,0x00000000f7400000,0x00000000fb780000)
 ParOldGen       total 476160K, used 72936K [0x0000000080000000, 0x000000009d100000, 0x00000000d5580000)
  object space 476160K, 15% used [0x0000000080000000,0x000000008473a050,0x000000009d100000)
 Metaspace       used 165012K, capacity 175383K, committed 186480K, reserved 1210368K
  class space    used 21156K, capacity 22940K, committed 24752K, reserved 1048576K
Event: 5770.764 GC heap after
Heap after GC invocations=35 (full 6):
 PSYoungGen      total 613376K, used 57434K [0x00000000d5580000, 0x0000000100000000, 0x0000000100000000)
  eden space 555520K, 0% used [0x00000000d5580000,0x00000000d5580000,0x00000000f7400000)
  from space 57856K, 99% used [0x00000000f7400000,0x00000000fac16ac8,0x00000000fac80000)
  to   space 75776K, 0% used [0x00000000fb600000,0x00000000fb600000,0x0000000100000000)
 ParOldGen       total 476160K, used 72944K [0x0000000080000000, 0x000000009d100000, 0x00000000d5580000)
  object space 476160K, 15% used [0x0000000080000000,0x000000008473c050,0x000000009d100000)
 Metaspace       used 165012K, capacity 175383K, committed 186480K, reserved 1210368K
  class space    used 21156K, capacity 22940K, committed 24752K, reserved 1048576K
}
Event: 5772.725 GC heap before
{Heap before GC invocations=36 (full 6):
 PSYoungGen      total 613376K, used 612954K [0x00000000d5580000, 0x0000000100000000, 0x0000000100000000)
  eden space 555520K, 100% used [0x00000000d5580000,0x00000000f7400000,0x00000000f7400000)
  from space 57856K, 99% used [0x00000000f7400000,0x00000000fac16ac8,0x00000000fac80000)
  to   space 75776K, 0% used [0x00000000fb600000,0x00000000fb600000,0x0000000100000000)
 ParOldGen       total 476160K, used 72944K [0x0000000080000000, 0x000000009d100000, 0x00000000d5580000)
  object space 476160K, 15% used [0x0000000080000000,0x000000008473c050,0x000000009d100000)
 Metaspace       used 165190K, capacity 175601K, committed 186480K, reserved 1210368K
  class space    used 21176K, capacity 22997K, committed 24752K, reserved 1048576K
Event: 5772.851 GC heap after
Heap after GC invocations=36 (full 6):
 PSYoungGen      total 609792K, used 60904K [0x00000000d5580000, 0x0000000100000000, 0x0000000100000000)
  eden space 534016K, 0% used [0x00000000d5580000,0x00000000d5580000,0x00000000f5f00000)
  from space 75776K, 80% used [0x00000000fb600000,0x00000000ff17a1b8,0x0000000100000000)
  to   space 82432K, 0% used [0x00000000f5f00000,0x00000000f5f00000,0x00000000faf80000)
 ParOldGen       total 476160K, used 72944K [0x0000000080000000, 0x000000009d100000, 0x00000000d5580000)
  object space 476160K, 15% used [0x0000000080000000,0x000000008473c050,0x000000009d100000)
 Metaspace       used 165190K, capacity 175601K, committed 186480K, reserved 1210368K
  class space    used 21176K, capacity 22997K, committed 24752K, reserved 1048576K
}
Event: 5775.357 GC heap before
{Heap before GC invocations=37 (full 6):
 PSYoungGen      total 609792K, used 594920K [0x00000000d5580000, 0x0000000100000000, 0x0000000100000000)
  eden space 534016K, 100% used [0x00000000d5580000,0x00000000f5f00000,0x00000000f5f00000)
  from space 75776K, 80% used [0x00000000fb600000,0x00000000ff17a1b8,0x0000000100000000)
  to   space 82432K, 0% used [0x00000000f5f00000,0x00000000f5f00000,0x00000000faf80000)
 ParOldGen       total 476160K, used 72944K [0x0000000080000000, 0x000000009d100000, 0x00000000d5580000)
  object space 476160K, 15% used [0x0000000080000000,0x000000008473c050,0x000000009d100000)
 Metaspace       used 165252K, capacity 175665K, committed 186480K, reserved 1210368K
  class space    used 21176K, capacity 22997K, committed 24752K, reserved 1048576K
Event: 5775.432 GC heap after
Heap after GC invocations=37 (full 6):
 PSYoungGen      total 594944K, used 60658K [0x00000000d5580000, 0x0000000100000000, 0x0000000100000000)
  eden space 534016K, 0% used [0x00000000d5580000,0x00000000d5580000,0x00000000f5f00000)
  from space 60928K, 99% used [0x00000000f5f00000,0x00000000f9a3c9d8,0x00000000f9a80000)
  to   space 87552K, 0% used [0x00000000faa80000,0x00000000faa80000,0x0000000100000000)
 ParOldGen       total 476160K, used 72944K [0x0000000080000000, 0x000000009d100000, 0x00000000d5580000)
  object space 476160K, 15% used [0x0000000080000000,0x000000008473c050,0x000000009d100000)
 Metaspace       used 165252K, capacity 175665K, committed 186480K, reserved 1210368K
  class space    used 21176K, capacity 22997K, committed 24752K, reserved 1048576K
}
Event: 5777.560 GC heap before
{Heap before GC invocations=38 (full 6):
 PSYoungGen      total 594944K, used 594674K [0x00000000d5580000, 0x0000000100000000, 0x0000000100000000)
  eden space 534016K, 100% used [0x00000000d5580000,0x00000000f5f00000,0x00000000f5f00000)
  from space 60928K, 99% used [0x00000000f5f00000,0x00000000f9a3c9d8,0x00000000f9a80000)
  to   space 87552K, 0% used [0x00000000faa80000,0x00000000faa80000,0x0000000100000000)
 ParOldGen       total 476160K, used 72944K [0x0000000080000000, 0x000000009d100000, 0x00000000d5580000)
  object space 476160K, 15% used [0x0000000080000000,0x000000008473c050,0x000000009d100000)
 Metaspace       used 165269K, capacity 175673K, committed 186480K, reserved 1210368K
  class space    used 21176K, capacity 22997K, committed 24752K, reserved 1048576K

